[debug] [2025-08-15T17:39:57.336Z] ----------------------------------------------------------------------
[debug] [2025-08-15T17:39:57.342Z] Command:       /Users/rokibulislam/.nvm/versions/node/v22.13.1/bin/node /Users/rokibulislam/.nvm/versions/node/v22.13.1/bin/firebase deploy --only database --debug
[debug] [2025-08-15T17:39:57.342Z] CLI Version:   14.12.1
[debug] [2025-08-15T17:39:57.342Z] Platform:      darwin
[debug] [2025-08-15T17:39:57.342Z] Node Version:  v22.13.1
[debug] [2025-08-15T17:39:57.343Z] Time:          Fri Aug 15 2025 23:39:57 GMT+0600 (Bangladesh Standard Time)
[debug] [2025-08-15T17:39:57.343Z] ----------------------------------------------------------------------
[debug] 
[debug] [2025-08-15T17:39:57.446Z] > command requires scopes: ["email","openid","https://www.googleapis.com/auth/cloudplatformprojects.readonly","https://www.googleapis.com/auth/firebase","https://www.googleapis.com/auth/cloud-platform"]
[debug] [2025-08-15T17:39:57.446Z] > authorizing via signed-in user (hrrokibul2022@gmail.com)
[debug] [2025-08-15T17:39:57.446Z] [iam] checking project emergency-aid327 for permissions ["firebase.projects.get","firebasedatabase.instances.update"]
[debug] [2025-08-15T17:39:57.447Z] Checked if tokens are valid: true, expires at: 1755282242010
[debug] [2025-08-15T17:39:57.447Z] Checked if tokens are valid: true, expires at: 1755282242010
[debug] [2025-08-15T17:39:57.447Z] >>> [apiv2][query] POST https://cloudresourcemanager.googleapis.com/v1/projects/emergency-aid327:testIamPermissions [none]
[debug] [2025-08-15T17:39:57.447Z] >>> [apiv2][(partial)header] POST https://cloudresourcemanager.googleapis.com/v1/projects/emergency-aid327:testIamPermissions x-goog-quota-user=projects/emergency-aid327
[debug] [2025-08-15T17:39:57.447Z] >>> [apiv2][body] POST https://cloudresourcemanager.googleapis.com/v1/projects/emergency-aid327:testIamPermissions {"permissions":["firebase.projects.get","firebasedatabase.instances.update"]}
[debug] [2025-08-15T17:39:57.887Z] <<< [apiv2][status] POST https://cloudresourcemanager.googleapis.com/v1/projects/emergency-aid327:testIamPermissions 200
[debug] [2025-08-15T17:39:57.888Z] <<< [apiv2][body] POST https://cloudresourcemanager.googleapis.com/v1/projects/emergency-aid327:testIamPermissions {"permissions":["firebase.projects.get","firebasedatabase.instances.update"]}
[debug] [2025-08-15T17:39:57.889Z] Checked if tokens are valid: true, expires at: 1755282242010
[debug] [2025-08-15T17:39:57.889Z] Checked if tokens are valid: true, expires at: 1755282242010
[debug] [2025-08-15T17:39:57.889Z] >>> [apiv2][query] GET https://firebase.googleapis.com/v1beta1/projects/emergency-aid327 [none]
[debug] [2025-08-15T17:39:58.566Z] <<< [apiv2][status] GET https://firebase.googleapis.com/v1beta1/projects/emergency-aid327 200
[debug] [2025-08-15T17:39:58.566Z] <<< [apiv2][body] GET https://firebase.googleapis.com/v1beta1/projects/emergency-aid327 {"projectId":"emergency-aid327","projectNumber":"322610676604","displayName":"Emergency-Aid327","name":"projects/emergency-aid327","resources":{"hostingSite":"emergency-aid327","realtimeDatabaseInstance":"emergency-aid327-default-rtdb"},"state":"ACTIVE","etag":"1_df8186e0-9b36-4233-87af-42f77adc7030"}
[info] 
[info] === Deploying to 'emergency-aid327'...
[info] 
[info] i  deploying database 
[info] i  database: checking rules syntax... 
[debug] [2025-08-15T17:39:58.570Z] Checked if tokens are valid: true, expires at: 1755282242010
[debug] [2025-08-15T17:39:58.570Z] Checked if tokens are valid: true, expires at: 1755282242010
[debug] [2025-08-15T17:39:58.570Z] >>> [apiv2][query] GET https://firebasedatabase.googleapis.com/v1beta/projects/emergency-aid327/locations/-/instances/emergency-aid327-default-rtdb [none]
[debug] [2025-08-15T17:40:00.332Z] <<< [apiv2][status] GET https://firebasedatabase.googleapis.com/v1beta/projects/emergency-aid327/locations/-/instances/emergency-aid327-default-rtdb 200
[debug] [2025-08-15T17:40:00.333Z] <<< [apiv2][body] GET https://firebasedatabase.googleapis.com/v1beta/projects/emergency-aid327/locations/-/instances/emergency-aid327-default-rtdb {"name":"projects/322610676604/locations/us-central1/instances/emergency-aid327-default-rtdb","project":"projects/322610676604","databaseUrl":"https://emergency-aid327-default-rtdb.firebaseio.com","type":"DEFAULT_DATABASE","state":"ACTIVE"}
[debug] [2025-08-15T17:40:00.334Z] Checked if tokens are valid: true, expires at: 1755282242010
[debug] [2025-08-15T17:40:00.334Z] Checked if tokens are valid: true, expires at: 1755282242010
[debug] [2025-08-15T17:40:00.334Z] >>> [apiv2][query] PUT https://emergency-aid327-default-rtdb.firebaseio.com/.settings/rules.json 
[debug] [2025-08-15T17:40:00.335Z] >>> [apiv2][body] PUT https://emergency-aid327-default-rtdb.firebaseio.com/.settings/rules.json {"dryRun":true}
[debug] [2025-08-15T17:40:01.005Z] <<< [apiv2][status] PUT https://emergency-aid327-default-rtdb.firebaseio.com/.settings/rules.json 400
[debug] [2025-08-15T17:40:01.005Z] <<< [apiv2][body] PUT https://emergency-aid327-default-rtdb.firebaseio.com/.settings/rules.json {"error":"1:2: Expected 'rules' property.\n"}
[error] 
[error] Error: Syntax error in database rules:

1:2: Expected 'rules' property.

